<?xml version="1.0" encoding="UTF-8"?>
<testng-results skipped="0" failed="1" ignored="0" total="2" passed="1">
  <reporter-output>
    <line>
      <![CDATA[Launch URL:https://demo-dss.tookitaki.com/#/home/dashboard]]>
    </line>
    <line>
      <![CDATA[Clear the cookies]]>
    </line>
    <line>
      <![CDATA[Clear and Type - username ]]>
    </line>
    <line>
      <![CDATA[Clear and Type - Password ]]>
    </line>
    <line>
      <![CDATA[userLogin is Clicked]]>
    </line>
    <line>
      <![CDATA[Either user does not exist or password is wrong!]]>
    </line>
    <line>
      <![CDATA[Clear and Type - username ]]>
    </line>
    <line>
      <![CDATA[Clear and Type - Password ]]>
    </line>
    <line>
      <![CDATA[userLogin is Clicked]]>
    </line>
    <line>
      <![CDATA[Waited for element]]>
    </line>
    <line>
      <![CDATA[Dashboard is Clicked]]>
    </line>
    <line>
      <![CDATA[Model is Clicked]]>
    </line>
    <line>
      <![CDATA[View Modelis Clicked]]>
    </line>
    <line>
      <![CDATA[Waited for element]]>
    </line>
    <line>
      <![CDATA[Mouse over - View RBL Model]]>
    </line>
    <line>
      <![CDATA[]]>
    </line>
    <line>
      <![CDATA[<img src='./screenshots/rblModel.png' height='400' width='600'/> </a>]]>
    </line>
  </reporter-output>
  <suite name="Default suite" duration-ms="40838" started-at="2017-08-15T09:36:15Z" finished-at="2017-08-15T09:36:56Z">
    <groups>
    </groups>
    <test name="Default test" duration-ms="40838" started-at="2017-08-15T09:36:15Z" finished-at="2017-08-15T09:36:56Z">
      <class name="commonMethods.Testcases">
        <test-method status="PASS" signature="getDataFromConfig()[pri:0, instance:commonMethods.Testcases@3e96bacf]" name="getDataFromConfig" is-config="true" duration-ms="6274" started-at="2017-08-15T15:06:15Z" finished-at="2017-08-15T15:06:21Z">
          <reporter-output>
          </reporter-output>
        </test-method> <!-- getDataFromConfig -->
        <test-method status="PASS" signature="login()[pri:1, instance:commonMethods.Testcases@3e96bacf]" name="login" duration-ms="22622" started-at="2017-08-15T15:06:21Z" finished-at="2017-08-15T15:06:44Z">
          <reporter-output>
            <line>
              <![CDATA[Launch URL:https://demo-dss.tookitaki.com/#/home/dashboard]]>
            </line>
            <line>
              <![CDATA[Clear the cookies]]>
            </line>
            <line>
              <![CDATA[Clear and Type - username ]]>
            </line>
            <line>
              <![CDATA[Clear and Type - Password ]]>
            </line>
            <line>
              <![CDATA[userLogin is Clicked]]>
            </line>
            <line>
              <![CDATA[Either user does not exist or password is wrong!]]>
            </line>
            <line>
              <![CDATA[Clear and Type - username ]]>
            </line>
            <line>
              <![CDATA[Clear and Type - Password ]]>
            </line>
            <line>
              <![CDATA[userLogin is Clicked]]>
            </line>
            <line>
              <![CDATA[Waited for element]]>
            </line>
          </reporter-output>
        </test-method> <!-- login -->
        <test-method status="FAIL" signature="rblModel()[pri:29, instance:commonMethods.Testcases@3e96bacf]" name="rblModel" duration-ms="9934" started-at="2017-08-15T15:06:44Z" finished-at="2017-08-15T15:06:54Z">
          <exception class="org.openqa.selenium.NoSuchElementException">
            <message>
              <![CDATA[no such element: Unable to locate element: {"method":"xpath","selector":"//td[text()='Failed']//following::div[contains(text(),'Failed to run the model building pipeline')]"}
  (Session info: chrome=60.0.3112.90)
  (Driver info: chromedriver=2.29.461591 (62ebf098771772160f391d75e589dc567915b233),platform=Windows NT 6.3.9600 x86_64) (WARNING: The server did not provide any stacktrace information)
Command duration or timeout: 63 milliseconds
For documentation on this error, please visit: http://seleniumhq.org/exceptions/no_such_element.html
Build info: version: '3.0.1', revision: '1969d75', time: '2016-10-18 09:49:13 -0700'
System info: host: 'Lenovo-PC', ip: '192.168.0.2', os.name: 'Windows 8.1', os.arch: 'amd64', os.version: '6.3', java.version: '1.8.0_131'
Driver info: org.openqa.selenium.chrome.ChromeDriver
Capabilities [{applicationCacheEnabled=false, rotatable=false, mobileEmulationEnabled=false, networkConnectionEnabled=false, chrome={chromedriverVersion=2.29.461591 (62ebf098771772160f391d75e589dc567915b233), userDataDir=C:\Users\TOOKIT~1\AppData\Local\Temp\scoped_dir12168_26897}, takesHeapSnapshot=true, pageLoadStrategy=normal, databaseEnabled=false, handlesAlerts=true, hasTouchScreen=false, version=60.0.3112.90, platform=WIN8_1, browserConnectionEnabled=false, nativeEvents=true, acceptSslCerts=true, locationContextEnabled=true, webStorageEnabled=true, browserName=chrome, takesScreenshot=true, javascriptEnabled=true, cssSelectorsEnabled=true, unexpectedAlertBehaviour=}]
Session ID: 258bcb7c15ea270b93be6066d02c564e
*** Element info: {Using=xpath, value=//td[text()='Failed']//following::div[contains(text(),'Failed to run the model building pipeline')]}]]>
            </message>
            <full-stacktrace>
              <![CDATA[org.openqa.selenium.NoSuchElementException: no such element: Unable to locate element: {"method":"xpath","selector":"//td[text()='Failed']//following::div[contains(text(),'Failed to run the model building pipeline')]"}
  (Session info: chrome=60.0.3112.90)
  (Driver info: chromedriver=2.29.461591 (62ebf098771772160f391d75e589dc567915b233),platform=Windows NT 6.3.9600 x86_64) (WARNING: The server did not provide any stacktrace information)
Command duration or timeout: 63 milliseconds
For documentation on this error, please visit: http://seleniumhq.org/exceptions/no_such_element.html
Build info: version: '3.0.1', revision: '1969d75', time: '2016-10-18 09:49:13 -0700'
System info: host: 'Lenovo-PC', ip: '192.168.0.2', os.name: 'Windows 8.1', os.arch: 'amd64', os.version: '6.3', java.version: '1.8.0_131'
Driver info: org.openqa.selenium.chrome.ChromeDriver
Capabilities [{applicationCacheEnabled=false, rotatable=false, mobileEmulationEnabled=false, networkConnectionEnabled=false, chrome={chromedriverVersion=2.29.461591 (62ebf098771772160f391d75e589dc567915b233), userDataDir=C:\Users\TOOKIT~1\AppData\Local\Temp\scoped_dir12168_26897}, takesHeapSnapshot=true, pageLoadStrategy=normal, databaseEnabled=false, handlesAlerts=true, hasTouchScreen=false, version=60.0.3112.90, platform=WIN8_1, browserConnectionEnabled=false, nativeEvents=true, acceptSslCerts=true, locationContextEnabled=true, webStorageEnabled=true, browserName=chrome, takesScreenshot=true, javascriptEnabled=true, cssSelectorsEnabled=true, unexpectedAlertBehaviour=}]
Session ID: 258bcb7c15ea270b93be6066d02c564e
*** Element info: {Using=xpath, value=//td[text()='Failed']//following::div[contains(text(),'Failed to run the model building pipeline')]}
	at sun.reflect.NativeConstructorAccessorImpl.newInstance0(Native Method)
	at sun.reflect.NativeConstructorAccessorImpl.newInstance(Unknown Source)
	at sun.reflect.DelegatingConstructorAccessorImpl.newInstance(Unknown Source)
	at java.lang.reflect.Constructor.newInstance(Unknown Source)
	at org.openqa.selenium.remote.ErrorHandler.createThrowable(ErrorHandler.java:216)
	at org.openqa.selenium.remote.ErrorHandler.throwIfResponseFailed(ErrorHandler.java:168)
	at org.openqa.selenium.remote.RemoteWebDriver.execute(RemoteWebDriver.java:635)
	at org.openqa.selenium.remote.RemoteWebDriver.findElement(RemoteWebDriver.java:368)
	at org.openqa.selenium.remote.RemoteWebDriver.findElementByXPath(RemoteWebDriver.java:473)
	at org.openqa.selenium.By$ByXPath.findElement(By.java:361)
	at org.openqa.selenium.remote.RemoteWebDriver.findElement(RemoteWebDriver.java:360)
	at commonMethods.Keywords.getAttribute(Keywords.java:1344)
	at scripts.RBLModel.rblModel(RBLModel.java:137)
	at commonMethods.Testcases.rblModel(Testcases.java:204)
	at sun.reflect.NativeMethodAccessorImpl.invoke0(Native Method)
	at sun.reflect.NativeMethodAccessorImpl.invoke(Unknown Source)
	at sun.reflect.DelegatingMethodAccessorImpl.invoke(Unknown Source)
	at java.lang.reflect.Method.invoke(Unknown Source)
	at org.testng.internal.MethodInvocationHelper.invokeMethod(MethodInvocationHelper.java:108)
	at org.testng.internal.Invoker.invokeMethod(Invoker.java:661)
	at org.testng.internal.Invoker.invokeTestMethod(Invoker.java:869)
	at org.testng.internal.Invoker.invokeTestMethods(Invoker.java:1193)
	at org.testng.internal.TestMethodWorker.invokeTestMethods(TestMethodWorker.java:126)
	at org.testng.internal.TestMethodWorker.run(TestMethodWorker.java:109)
	at org.testng.TestRunner.privateRun(TestRunner.java:744)
	at org.testng.TestRunner.run(TestRunner.java:602)
	at org.testng.SuiteRunner.runTest(SuiteRunner.java:380)
	at org.testng.SuiteRunner.runSequentially(SuiteRunner.java:375)
	at org.testng.SuiteRunner.privateRun(SuiteRunner.java:340)
	at org.testng.SuiteRunner.run(SuiteRunner.java:289)
	at org.testng.SuiteRunnerWorker.runSuite(SuiteRunnerWorker.java:52)
	at org.testng.SuiteRunnerWorker.run(SuiteRunnerWorker.java:86)
	at org.testng.TestNG.runSuitesSequentially(TestNG.java:1301)
	at org.testng.TestNG.runSuitesLocally(TestNG.java:1226)
	at org.testng.TestNG.runSuites(TestNG.java:1144)
	at org.testng.TestNG.run(TestNG.java:1115)
	at org.testng.remote.AbstractRemoteTestNG.run(AbstractRemoteTestNG.java:132)
	at org.testng.remote.RemoteTestNG.initAndRun(RemoteTestNG.java:230)
	at org.testng.remote.RemoteTestNG.main(RemoteTestNG.java:76)
]]>
            </full-stacktrace>
          </exception> <!-- org.openqa.selenium.NoSuchElementException -->
          <reporter-output>
            <line>
              <![CDATA[Dashboard is Clicked]]>
            </line>
            <line>
              <![CDATA[Model is Clicked]]>
            </line>
            <line>
              <![CDATA[View Modelis Clicked]]>
            </line>
            <line>
              <![CDATA[Waited for element]]>
            </line>
            <line>
              <![CDATA[Mouse over - View RBL Model]]>
            </line>
            <line>
              <![CDATA[]]>
            </line>
            <line>
              <![CDATA[<img src='./screenshots/rblModel.png' height='400' width='600'/> </a>]]>
            </line>
          </reporter-output>
        </test-method> <!-- rblModel -->
        <test-method status="PASS" signature="teardown()[pri:0, instance:commonMethods.Testcases@3e96bacf]" name="teardown" is-config="true" duration-ms="1355" started-at="2017-08-15T15:06:54Z" finished-at="2017-08-15T15:06:56Z">
          <reporter-output>
          </reporter-output>
        </test-method> <!-- teardown -->
      </class> <!-- commonMethods.Testcases -->
    </test> <!-- Default test -->
  </suite> <!-- Default suite -->
</testng-results>
